<?xml version="1.0" encoding="UTF-8"?>
<!-- Generated by org.testng.reporters.JUnitReportReporter -->
<testsuite skipped="0" hostname="MOHNISHP04" name="qaclickacademy.RESTAPITest" tests="2" failures="0" timestamp="23 Mar 2019 12:24:29 GMT" time="0.001" errors="0">
  <testcase name="postjira" time="0.000" classname="qaclickacademy.RESTAPITest"/>
  <testcase name="deletetwitter" time="0.001" classname="qaclickacademy.RESTAPITest"/>
</testsuite> <!-- qaclickacademy.RESTAPITest -->
