<?xml version="1.0" encoding="UTF-8"?>
<!-- Generated by org.testng.reporters.JUnitReportReporter -->
<testsuite skipped="0" hostname="MOHNISHP04" name="qaclickacademy.AppiumTest" tests="2" failures="0" timestamp="23 Mar 2019 12:24:01 GMT" time="0.000" errors="0">
  <testcase name="IOSApp" time="0.000" classname="qaclickacademy.AppiumTest"/>
  <testcase name="AppAndroid" time="0.000" classname="qaclickacademy.AppiumTest"/>
</testsuite> <!-- qaclickacademy.AppiumTest -->
