<?xml version="1.0" encoding="UTF-8"?>
<!-- Generated by org.testng.reporters.JUnitReportReporter -->
<testsuite skipped="0" hostname="MOHNISHP04" name="qaclickacademy.SeleniumTest" tests="2" failures="0" timestamp="23 Mar 2019 12:24:29 GMT" time="0.022" errors="0">
  <testcase name="uiautomation" time="0.001" classname="qaclickacademy.SeleniumTest"/>
  <testcase name="BrowserAutomation" time="0.021" classname="qaclickacademy.SeleniumTest"/>
</testsuite> <!-- qaclickacademy.SeleniumTest -->
